{
  "/home/homa/code/cyberuni/storybook-coverage-instrument-issue/src/stories/Header.tsx": {
    "path": "/home/homa/code/cyberuni/storybook-coverage-instrument-issue/src/stories/Header.tsx",
    "statementMap": {
      "0": {
        "start": {
          "line": 1,
          "column": 25
        },
        "end": {
          "line": 1,
          "column": null
        }
      },
      "1": {
        "start": {
          "line": 17,
          "column": 7
        },
        "end": {
          "line": 18,
          "column": null
        }
      },
      "2": {
        "start": {
          "line": 17,
          "column": 79
        },
        "end": {
          "line": 18,
          "column": null
        }
      },
      "3": {
        "start": {
          "line": 56,
          "column": 2
        },
        "end": {
          "line": 56,
          "column": null
        }
      },
      "4": {
        "start": {
          "line": 17,
          "column": 19
        },
        "end": {
          "line": 17,
          "column": 23
        }
      }
    },
    "fnMap": {
      "0": {
        "name": "(anonymous_0)",
        "decl": {
          "start": {
            "line": 1,
            "column": 25
          },
          "end": {
            "line": 1,
            "column": null
          }
        },
        "loc": {
          "start": {
            "line": 1,
            "column": 25
          },
          "end": {
            "line": 1,
            "column": null
          }
        }
      },
      "1": {
        "name": "(anonymous_1)",
        "decl": {
          "start": {
            "line": 17,
            "column": 7
          },
          "end": {
            "line": 17,
            "column": 19
          }
        },
        "loc": {
          "start": {
            "line": 17,
            "column": 79
          },
          "end": {
            "line": 18,
            "column": null
          }
        }
      }
    },
    "branchMap": {
      "0": {
        "loc": {
          "start": {
            "line": 1,
            "column": 25
          },
          "end": {
            "line": 1,
            "column": null
          }
        },
        "type": "binary-expr",
        "locations": [
          {
            "start": {
              "line": 1,
              "column": 25
            },
            "end": {
              "line": 1,
              "column": null
            }
          },
          {
            "start": {
              "line": 1,
              "column": 25
            },
            "end": {
              "line": 1,
              "column": null
            }
          }
        ]
      },
      "1": {
        "loc": {
          "start": {
            "line": 1,
            "column": 25
          },
          "end": {
            "line": 1,
            "column": null
          }
        },
        "type": "if",
        "locations": [
          {
            "start": {
              "line": 1,
              "column": 25
            },
            "end": {
              "line": 1,
              "column": null
            }
          }
        ]
      },
      "2": {
        "loc": {
          "start": {
            "line": 38,
            "column": 6
          },
          "end": {
            "line": 48,
            "column": null
          }
        },
        "type": "cond-expr",
        "locations": [
          {
            "start": {
              "line": 38,
              "column": 6
            },
            "end": {
              "line": 41,
              "column": null
            }
          },
          {
            "start": {
              "line": 41,
              "column": 10
            },
            "end": {
              "line": 48,
              "column": null
            }
          }
        ]
      }
    },
    "s": {
      "0": 48,
      "1": 6,
      "2": 12,
      "3": 6,
      "4": 6
    },
    "f": {
      "0": 6,
      "1": 12
    },
    "b": {
      "0": [
        12,
        6
      ],
      "1": [
        6
      ],
      "2": [
        5,
        7
      ]
    }
  },
  "/home/homa/code/cyberuni/storybook-coverage-instrument-issue/src/stories/Page.tsx": {
    "path": "/home/homa/code/cyberuni/storybook-coverage-instrument-issue/src/stories/Page.tsx",
    "statementMap": {
      "0": {
        "start": {
          "line": 10,
          "column": 7
        },
        "end": {
          "line": 73,
          "column": 2
        }
      },
      "1": {
        "start": {
          "line": 10,
          "column": 36
        },
        "end": {
          "line": 10,
          "column": null
        }
      },
      "2": {
        "start": {
          "line": 11,
          "column": 2
        },
        "end": {
          "line": 11,
          "column": null
        }
      },
      "3": {
        "start": {
          "line": 13,
          "column": 2
        },
        "end": {
          "line": 14,
          "column": null
        }
      },
      "4": {
        "start": {
          "line": 15,
          "column": 6
        },
        "end": {
          "line": 17,
          "column": null
        }
      },
      "5": {
        "start": {
          "line": 17,
          "column": 39
        },
        "end": {
          "line": 17,
          "column": null
        }
      },
      "6": {
        "start": {
          "line": 17,
          "column": 39
        },
        "end": {
          "line": 19,
          "column": 61
        }
      },
      "7": {
        "start": {
          "line": 73,
          "column": 2
        },
        "end": {
          "line": 73,
          "column": null
        }
      },
      "8": {
        "start": {
          "line": 10,
          "column": 27
        },
        "end": {
          "line": 10,
          "column": 36
        }
      }
    },
    "fnMap": {
      "0": {
        "name": "(anonymous_1)",
        "decl": {
          "start": {
            "line": 10,
            "column": 7
          },
          "end": {
            "line": 10,
            "column": 27
          }
        },
        "loc": {
          "start": {
            "line": 10,
            "column": 7
          },
          "end": {
            "line": 73,
            "column": 2
          }
        }
      },
      "1": {
        "name": "(anonymous_2)",
        "decl": {
          "start": {
            "line": 15,
            "column": 6
          },
          "end": {
            "line": 15,
            "column": null
          }
        },
        "loc": {
          "start": {
            "line": 15,
            "column": 6
          },
          "end": {
            "line": 17,
            "column": null
          }
        }
      },
      "2": {
        "name": "(anonymous_3)",
        "decl": {
          "start": {
            "line": 17,
            "column": 39
          },
          "end": {
            "line": 17,
            "column": null
          }
        },
        "loc": {
          "start": {
            "line": 17,
            "column": 39
          },
          "end": {
            "line": 17,
            "column": null
          }
        }
      }
    },
    "branchMap": {},
    "s": {
      "0": 3,
      "1": 7,
      "2": 7,
      "3": 7,
      "4": 2,
      "5": 0,
      "6": 0,
      "7": 3,
      "8": 6
    },
    "f": {
      "0": 7,
      "1": 2,
      "2": 0
    },
    "b": {}
  }
}